{"/Users/jakewija/webDev/toyProblems/divideTwoIntegers/divideTwoIntegers.js": {"path":"/Users/jakewija/webDev/toyProblems/divideTwoIntegers/divideTwoIntegers.js","statementMap":{"0":{"start":{"line":33,"column":13},"end":{"line":53,"column":1}},"1":{"start":{"line":34,"column":2},"end":{"line":34,"column":38}},"2":{"start":{"line":34,"column":21},"end":{"line":34,"column":38}},"3":{"start":{"line":35,"column":2},"end":{"line":35,"column":31}},"4":{"start":{"line":35,"column":22},"end":{"line":35,"column":31}},"5":{"start":{"line":36,"column":21},"end":{"line":36,"column":83}},"6":{"start":{"line":37,"column":18},"end":{"line":37,"column":36}},"7":{"start":{"line":38,"column":20},"end":{"line":38,"column":37}},"8":{"start":{"line":39,"column":14},"end":{"line":39,"column":16}},"9":{"start":{"line":40,"column":2},"end":{"line":42,"column":3}},"10":{"start":{"line":41,"column":4},"end":{"line":41,"column":12}},"11":{"start":{"line":43,"column":2},"end":{"line":46,"column":3}},"12":{"start":{"line":44,"column":4},"end":{"line":44,"column":30}},"13":{"start":{"line":44,"column":20},"end":{"line":44,"column":30}},"14":{"start":{"line":45,"column":4},"end":{"line":45,"column":13}},"15":{"start":{"line":47,"column":2},"end":{"line":50,"column":3}},"16":{"start":{"line":48,"column":4},"end":{"line":48,"column":29}},"17":{"start":{"line":49,"column":4},"end":{"line":49,"column":15}},"18":{"start":{"line":51,"column":2},"end":{"line":51,"column":31}},"19":{"start":{"line":51,"column":18},"end":{"line":51,"column":31}},"20":{"start":{"line":52,"column":2},"end":{"line":52,"column":15}},"21":{"start":{"line":55,"column":0},"end":{"line":55,"column":26}},"22":{"start":{"line":57,"column":0},"end":{"line":57,"column":24}}},"fnMap":{"0":{"name":"(anonymous_0)","decl":{"start":{"line":33,"column":13},"end":{"line":33,"column":14}},"loc":{"start":{"line":33,"column":41},"end":{"line":53,"column":1}},"line":33}},"branchMap":{"0":{"loc":{"start":{"line":34,"column":2},"end":{"line":34,"column":38}},"type":"if","locations":[{"start":{"line":34,"column":2},"end":{"line":34,"column":38}},{"start":{"line":34,"column":2},"end":{"line":34,"column":38}}],"line":34},"1":{"loc":{"start":{"line":35,"column":2},"end":{"line":35,"column":31}},"type":"if","locations":[{"start":{"line":35,"column":2},"end":{"line":35,"column":31}},{"start":{"line":35,"column":2},"end":{"line":35,"column":31}}],"line":35},"2":{"loc":{"start":{"line":36,"column":21},"end":{"line":36,"column":83}},"type":"binary-expr","locations":[{"start":{"line":36,"column":22},"end":{"line":36,"column":34}},{"start":{"line":36,"column":38},"end":{"line":36,"column":49}},{"start":{"line":36,"column":55},"end":{"line":36,"column":67}},{"start":{"line":36,"column":71},"end":{"line":36,"column":82}}],"line":36},"3":{"loc":{"start":{"line":40,"column":2},"end":{"line":42,"column":3}},"type":"if","locations":[{"start":{"line":40,"column":2},"end":{"line":42,"column":3}},{"start":{"line":40,"column":2},"end":{"line":42,"column":3}}],"line":40},"4":{"loc":{"start":{"line":43,"column":2},"end":{"line":46,"column":3}},"type":"if","locations":[{"start":{"line":43,"column":2},"end":{"line":46,"column":3}},{"start":{"line":43,"column":2},"end":{"line":46,"column":3}}],"line":43},"5":{"loc":{"start":{"line":44,"column":4},"end":{"line":44,"column":30}},"type":"if","locations":[{"start":{"line":44,"column":4},"end":{"line":44,"column":30}},{"start":{"line":44,"column":4},"end":{"line":44,"column":30}}],"line":44},"6":{"loc":{"start":{"line":51,"column":2},"end":{"line":51,"column":31}},"type":"if","locations":[{"start":{"line":51,"column":2},"end":{"line":51,"column":31}},{"start":{"line":51,"column":2},"end":{"line":51,"column":31}}],"line":51}},"s":{"0":1,"1":11,"2":1,"3":10,"4":1,"5":9,"6":9,"7":9,"8":9,"9":9,"10":1,"11":8,"12":4,"13":3,"14":1,"15":4,"16":14,"17":14,"18":4,"19":2,"20":2,"21":1,"22":1},"f":{"0":11},"b":{"0":[1,10],"1":[1,9],"2":[9,2,7,7],"3":[1,8],"4":[4,4],"5":[3,1],"6":[2,2]},"_coverageSchema":"1a1c01bbd47fc00a2c39e90264f33305004495a9","hash":"8f9a69204ca6383399e8b37724e13aa7b6d0a07b"}
}
