TN:
SF:divideTwoIntegers/divideTwoIntegers.js
FN:33,(anonymous_0)
FNF:1
FNH:1
FNDA:11,(anonymous_0)
DA:33,1
DA:34,11
DA:35,10
DA:36,9
DA:37,9
DA:38,9
DA:39,9
DA:40,9
DA:41,1
DA:43,8
DA:44,4
DA:45,1
DA:47,4
DA:48,14
DA:49,14
DA:51,4
DA:52,2
DA:55,1
DA:57,1
LF:19
LH:19
BRDA:34,0,0,1
BRDA:34,0,1,10
BRDA:35,1,0,1
BRDA:35,1,1,9
BRDA:36,2,0,9
BRDA:36,2,1,2
BRDA:36,2,2,7
BRDA:36,2,3,7
BRDA:40,3,0,1
BRDA:40,3,1,8
BRDA:43,4,0,4
BRDA:43,4,1,4
BRDA:44,5,0,3
BRDA:44,5,1,1
BRDA:51,6,0,2
BRDA:51,6,1,2
BRF:16
BRH:16
end_of_record
